eyewitness_app/app/build/intermediates/manifest_merge_blame_file/debug/processDebugMainManifest/manifest-merger-blame-debug-report.txt
1<?xml version="1.0" encoding="utf-8"?>
2<manifest xmlns:android="http://schemas.android.com/apk/res/android"
3    package="com.gibdd.eyewitness"
4    android:versionCode="1"
5    android:versionName="1.0" >
6
7    <uses-sdk
8        android:minSdkVersion="24"
9        android:targetSdkVersion="34" />
10
11    <uses-permission android:name="android.permission.INTERNET" />
11-->src\main\AndroidManifest.xml:4:5-67
11-->src\main\AndroidManifest.xml:4:22-64
12    <uses-permission android:name="android.permission.ACCESS_FINE_LOCATION" />
12-->src\main\AndroidManifest.xml:5:5-79
12-->src\main\AndroidManifest.xml:5:22-76
13    <uses-permission android:name="android.permission.ACCESS_COARSE_LOCATION" />
13-->src\main\AndroidManifest.xml:6:5-81
13-->src\main\AndroidManifest.xml:6:22-78
14    <uses-permission android:name="android.permission.CAMERA" />
14-->src\main\AndroidManifest.xml:7:5-65
14-->src\main\AndroidManifest.xml:7:22-62
15
16    <permission
16-->[androidx.core:core:1.13.1] AndroidManifest.xml:22:5-24:47
17        android:name="com.gibdd.eyewitness.DYNAMIC_RECEIVER_NOT_EXPORTED_PERMISSION"
17-->[androidx.core:core:1.13.1] AndroidManifest.xml:23:9-81
18        android:protectionLevel="signature" />
18-->[androidx.core:core:1.13.1] AndroidManifest.xml:24:9-44
19
20    <uses-permission android:name="com.gibdd.eyewitness.DYNAMIC_RECEIVER_NOT_EXPORTED_PERMISSION" />
20-->[androidx.core:core:1.13.1] AndroidManifest.xml:26:5-97
20-->[androidx.core:core:1.13.1] AndroidManifest.xml:26:22-94
21
22    <application
22-->src\main\AndroidManifest.xml:9:5-38:19
23        android:allowBackup="true"
23-->src\main\AndroidManifest.xml:10:9-35
24        android:appComponentFactory="androidx.core.app.CoreComponentFactory"
24-->[androidx.core:core:1.13.1] AndroidManifest.xml:28:18-86
25        android:debuggable="true"
26        android:extractNativeLibs="false"
27        android:icon="@mipmap/ic_launcher"
27-->src\main\AndroidManifest.xml:11:9-43
28        android:label="@string/app_name"
28-->src\main\AndroidManifest.xml:12:9-41
29        android:supportsRtl="true"
29-->src\main\AndroidManifest.xml:13:9-35
30        android:testOnly="true"
31        android:theme="@style/Theme.GibddEyewitness"
31-->src\main\AndroidManifest.xml:14:9-53
32        android:usesCleartextTraffic="true" >
32-->src\main\AndroidManifest.xml:15:9-44
33        <activity
33-->src\main\AndroidManifest.xml:17:9-25:20
34            android:name="com.gibdd.eyewitness.MainActivity"
34-->src\main\AndroidManifest.xml:18:13-41
35            android:exported="true"
35-->src\main\AndroidManifest.xml:19:13-36
36            android:theme="@style/Theme.GibddEyewitness" >
36-->src\main\AndroidManifest.xml:20:13-57
37            <intent-filter>
37-->src\main\AndroidManifest.xml:21:13-24:29
38                <action android:name="android.intent.action.MAIN" />
38-->src\main\AndroidManifest.xml:22:17-69
38-->src\main\AndroidManifest.xml:22:25-66
39
40                <category android:name="android.intent.category.LAUNCHER" />
40-->src\main\AndroidManifest.xml:23:17-77
40-->src\main\AndroidManifest.xml:23:27-74
41            </intent-filter>
42        </activity>
43
44        <!-- FileProvider для съёмки фото камерой во временный файл -->
45        <provider
46            android:name="androidx.core.content.FileProvider"
46-->src\main\AndroidManifest.xml:29:13-62
47            android:authorities="com.gibdd.eyewitness.fileprovider"
47-->src\main\AndroidManifest.xml:30:13-64
48            android:exported="false"
48-->src\main\AndroidManifest.xml:31:13-37
49            android:grantUriPermissions="true" >
49-->src\main\AndroidManifest.xml:32:13-47
50            <meta-data
50-->src\main\AndroidManifest.xml:33:13-35:54
51                android:name="android.support.FILE_PROVIDER_PATHS"
51-->src\main\AndroidManifest.xml:34:17-67
52                android:resource="@xml/file_paths" />
52-->src\main\AndroidManifest.xml:35:17-51
53        </provider>
54
55        <activity
55-->[com.google.android.gms:play-services-base:18.5.0] AndroidManifest.xml:5:9-173
56            android:name="com.google.android.gms.common.api.GoogleApiActivity"
56-->[com.google.android.gms:play-services-base:18.5.0] AndroidManifest.xml:5:19-85
57            android:exported="false"
57-->[com.google.android.gms:play-services-base:18.5.0] AndroidManifest.xml:5:146-170
58            android:theme="@android:style/Theme.Translucent.NoTitleBar" />
58-->[com.google.android.gms:play-services-base:18.5.0] AndroidManifest.xml:5:86-145
59
60        <provider
60-->[androidx.emoji2:emoji2:1.3.0] AndroidManifest.xml:24:9-32:20
61            android:name="androidx.startup.InitializationProvider"
61-->[androidx.emoji2:emoji2:1.3.0] AndroidManifest.xml:25:13-67
62            android:authorities="com.gibdd.eyewitness.androidx-startup"
62-->[androidx.emoji2:emoji2:1.3.0] AndroidManifest.xml:26:13-68
63            android:exported="false" >
63-->[androidx.emoji2:emoji2:1.3.0] AndroidManifest.xml:27:13-37
64            <meta-data
64-->[androidx.emoji2:emoji2:1.3.0] AndroidManifest.xml:29:13-31:52
65                android:name="androidx.emoji2.text.EmojiCompatInitializer"
65-->[androidx.emoji2:emoji2:1.3.0] AndroidManifest.xml:30:17-75
66                android:value="androidx.startup" />
66-->[androidx.emoji2:emoji2:1.3.0] AndroidManifest.xml:31:17-49
67            <meta-data
67-->[androidx.lifecycle:lifecycle-process:2.8.4] AndroidManifest.xml:29:13-31:52
68                android:name="androidx.lifecycle.ProcessLifecycleInitializer"
68-->[androidx.lifecycle:lifecycle-process:2.8.4] AndroidManifest.xml:30:17-78
69                android:value="androidx.startup" />
69-->[androidx.lifecycle:lifecycle-process:2.8.4] AndroidManifest.xml:31:17-49
70            <meta-data
70-->[androidx.profileinstaller:profileinstaller:1.3.1] AndroidManifest.xml:29:13-31:52
71                android:name="androidx.profileinstaller.ProfileInstallerInitializer"
71-->[androidx.profileinstaller:profileinstaller:1.3.1] AndroidManifest.xml:30:17-85
72                android:value="androidx.startup" />
72-->[androidx.profileinstaller:profileinstaller:1.3.1] AndroidManifest.xml:31:17-49
73        </provider>
74
75        <meta-data
75-->[com.google.android.gms:play-services-basement:18.4.0] AndroidManifest.xml:6:9-122
76            android:name="com.google.android.gms.version"
76-->[com.google.android.gms:play-services-basement:18.4.0] AndroidManifest.xml:6:20-65
77            android:value="@integer/google_play_services_version" />
77-->[com.google.android.gms:play-services-basement:18.4.0] AndroidManifest.xml:6:66-119
78
79        <receiver
79-->[androidx.profileinstaller:profileinstaller:1.3.1] AndroidManifest.xml:34:9-52:20
80            android:name="androidx.profileinstaller.ProfileInstallReceiver"
80-->[androidx.profileinstaller:profileinstaller:1.3.1] AndroidManifest.xml:35:13-76
81            android:directBootAware="false"
81-->[androidx.profileinstaller:profileinstaller:1.3.1] AndroidManifest.xml:36:13-44
82            android:enabled="true"
82-->[androidx.profileinstaller:profileinstaller:1.3.1] AndroidManifest.xml:37:13-35
83            android:exported="true"
83-->[androidx.profileinstaller:profileinstaller:1.3.1] AndroidManifest.xml:38:13-36
84            android:permission="android.permission.DUMP" >
84-->[androidx.profileinstaller:profileinstaller:1.3.1] AndroidManifest.xml:39:13-57
85            <intent-filter>
85-->[androidx.profileinstaller:profileinstaller:1.3.1] AndroidManifest.xml:40:13-42:29
86                <action android:name="androidx.profileinstaller.action.INSTALL_PROFILE" />
86-->[androidx.profileinstaller:profileinstaller:1.3.1] AndroidManifest.xml:41:17-91
86-->[androidx.profileinstaller:profileinstaller:1.3.1] AndroidManifest.xml:41:25-88
87            </intent-filter>
88            <intent-filter>
88-->[androidx.profileinstaller:profileinstaller:1.3.1] AndroidManifest.xml:43:13-45:29
89                <action android:name="androidx.profileinstaller.action.SKIP_FILE" />
89-->[androidx.profileinstaller:profileinstaller:1.3.1] AndroidManifest.xml:44:17-85
89-->[androidx.profileinstaller:profileinstaller:1.3.1] AndroidManifest.xml:44:25-82
90            </intent-filter>
91            <intent-filter>
91-->[androidx.profileinstaller:profileinstaller:1.3.1] AndroidManifest.xml:46:13-48:29
92                <action android:name="androidx.profileinstaller.action.SAVE_PROFILE" />
92-->[androidx.profileinstaller:profileinstaller:1.3.1] AndroidManifest.xml:47:17-88
92-->[androidx.profileinstaller:profileinstaller:1.3.1] AndroidManifest.xml:47:25-85
93            </intent-filter>
94            <intent-filter>
94-->[androidx.profileinstaller:profileinstaller:1.3.1] AndroidManifest.xml:49:13-51:29
95                <action android:name="androidx.profileinstaller.action.BENCHMARK_OPERATION" />
95-->[androidx.profileinstaller:profileinstaller:1.3.1] AndroidManifest.xml:50:17-95
95-->[androidx.profileinstaller:profileinstaller:1.3.1] AndroidManifest.xml:50:25-92
96            </intent-filter>
97        </receiver>
98    </application>
99
100</manifest>